<?xml version="1.0" encoding="UTF-8"?>
<testsuite xmlns:xsi="http://www.w3.org/2001/XMLSchema-instance" xsi:noNamespaceSchemaLocation="https://maven.apache.org/surefire/maven-surefire-plugin/xsd/surefire-test-report.xsd" version="3.0.2" name="ie.ucd.gpa.AcademicCalculationsTest" time="0.123" tests="5" errors="0" skipped="0" failures="0">
  <properties>
[...]
</properties>
  <testcase name="marksImpossiblePassWhenRemainingWeightCannotReachPassGrade" classname="ie.ucd.gpa.AcademicCalculationsTest" time="0.068"/>
  <testcase name="calculatesSecuredGradeAndCompletionSeparately" classname="ie.ucd.gpa.AcademicCalculationsTest" time="0.002"/>
  <testcase name="calculatesRequiredAverageForTargetGrade" classname="ie.ucd.gpa.AcademicCalculationsTest" time="0.001"/>
  <testcase name="keepsCompletedItemsOnCalendarDateButOutOfUpcomingDeadlines" classname="ie.ucd.gpa.AcademicCalculationsTest" time="0.016"/>
  <testcase name="calculatesCreditWeightedGpaForCompletedModules" classname="ie.ucd.gpa.AcademicCalculationsTest" time="0.008"/>
</testsuite>